mode: set
github.com/FiruzMurodov/wallet/pkg/wallet/service.go:36.36,38.2 1 1
github.com/FiruzMurodov/wallet/pkg/wallet/service.go:51.78,52.37 1 1
github.com/FiruzMurodov/wallet/pkg/wallet/service.go:58.2,66.21 4 1
github.com/FiruzMurodov/wallet/pkg/wallet/service.go:52.37,53.29 1 0
github.com/FiruzMurodov/wallet/pkg/wallet/service.go:53.29,55.4 1 0
github.com/FiruzMurodov/wallet/pkg/wallet/service.go:70.70,72.17 1 1
github.com/FiruzMurodov/wallet/pkg/wallet/service.go:75.2,76.32 2 1
github.com/FiruzMurodov/wallet/pkg/wallet/service.go:82.2,82.20 1 1
github.com/FiruzMurodov/wallet/pkg/wallet/service.go:86.2,88.12 2 1
github.com/FiruzMurodov/wallet/pkg/wallet/service.go:72.17,74.3 1 0
github.com/FiruzMurodov/wallet/pkg/wallet/service.go:76.32,77.25 1 1
github.com/FiruzMurodov/wallet/pkg/wallet/service.go:77.25,79.9 2 1
github.com/FiruzMurodov/wallet/pkg/wallet/service.go:82.20,84.3 1 0
github.com/FiruzMurodov/wallet/pkg/wallet/service.go:92.116,94.17 1 1
github.com/FiruzMurodov/wallet/pkg/wallet/service.go:97.2,98.32 2 1
github.com/FiruzMurodov/wallet/pkg/wallet/service.go:104.2,104.20 1 1
github.com/FiruzMurodov/wallet/pkg/wallet/service.go:107.2,107.30 1 1
github.com/FiruzMurodov/wallet/pkg/wallet/service.go:110.2,120.21 5 1
github.com/FiruzMurodov/wallet/pkg/wallet/service.go:94.17,96.3 1 0
github.com/FiruzMurodov/wallet/pkg/wallet/service.go:98.32,99.25 1 1
github.com/FiruzMurodov/wallet/pkg/wallet/service.go:99.25,101.9 2 1
github.com/FiruzMurodov/wallet/pkg/wallet/service.go:104.20,106.3 1 0
github.com/FiruzMurodov/wallet/pkg/wallet/service.go:107.30,109.3 1 0
github.com/FiruzMurodov/wallet/pkg/wallet/service.go:123.89,125.16 2 1
github.com/FiruzMurodov/wallet/pkg/wallet/service.go:129.2,130.16 2 1
github.com/FiruzMurodov/wallet/pkg/wallet/service.go:134.2,135.40 2 1
github.com/FiruzMurodov/wallet/pkg/wallet/service.go:142.2,142.31 1 1
github.com/FiruzMurodov/wallet/pkg/wallet/service.go:125.16,127.3 1 0
github.com/FiruzMurodov/wallet/pkg/wallet/service.go:130.16,132.3 1 0
github.com/FiruzMurodov/wallet/pkg/wallet/service.go:135.40,137.17 2 1
github.com/FiruzMurodov/wallet/pkg/wallet/service.go:137.17,139.4 1 0
github.com/FiruzMurodov/wallet/pkg/wallet/service.go:145.76,147.33 1 1
github.com/FiruzMurodov/wallet/pkg/wallet/service.go:154.2,154.32 1 1
github.com/FiruzMurodov/wallet/pkg/wallet/service.go:147.33,148.26 1 1
github.com/FiruzMurodov/wallet/pkg/wallet/service.go:148.26,150.4 1 1
github.com/FiruzMurodov/wallet/pkg/wallet/service.go:157.77,159.37 1 1
github.com/FiruzMurodov/wallet/pkg/wallet/service.go:165.2,165.32 1 1
github.com/FiruzMurodov/wallet/pkg/wallet/service.go:159.37,160.30 1 1
github.com/FiruzMurodov/wallet/pkg/wallet/service.go:160.30,162.4 1 1
github.com/FiruzMurodov/wallet/pkg/wallet/service.go:168.50,172.16 2 1
github.com/FiruzMurodov/wallet/pkg/wallet/service.go:176.2,177.16 2 1
github.com/FiruzMurodov/wallet/pkg/wallet/service.go:181.2,183.12 3 1
github.com/FiruzMurodov/wallet/pkg/wallet/service.go:172.16,174.3 1 1
github.com/FiruzMurodov/wallet/pkg/wallet/service.go:177.16,179.3 1 0
github.com/FiruzMurodov/wallet/pkg/wallet/service.go:187.67,191.16 2 1
github.com/FiruzMurodov/wallet/pkg/wallet/service.go:195.2,197.16 2 1
github.com/FiruzMurodov/wallet/pkg/wallet/service.go:201.2,201.22 1 1
github.com/FiruzMurodov/wallet/pkg/wallet/service.go:191.16,193.3 1 1
github.com/FiruzMurodov/wallet/pkg/wallet/service.go:197.16,199.3 1 0
